[0912/054216.163:ERROR:process_memory_win.cc(73)] ReadMemory at 0x7ff61d280000 of 64 bytes failed: Only part of a ReadProcessMemory or WriteProcessMemory request was completed. (0x12B)
[0912/054216.164:WARNING:pe_image_reader.cc(340)] could not read dos header from C:\Program Files (x86)\Google\Chrome\Application\chrome.exe
[0912/054216.165:ERROR:process_memory_win.cc(73)] ReadMemory at 0x7ff9043a0000 of 64 bytes failed: Only part of a ReadProcessMemory or WriteProcessMemory request was completed. (0x12B)
[0912/054216.165:WARNING:pe_image_reader.cc(340)] could not read dos header from C:\WINDOWS\SYSTEM32\ntdll.dll
[0912/054216.165:ERROR:process_memory_win.cc(73)] ReadMemory at 0x7ff904200000 of 64 bytes failed: Only part of a ReadProcessMemory or WriteProcessMemory request was completed. (0x12B)
[0912/054216.165:WARNING:pe_image_reader.cc(340)] could not read dos header from C:\WINDOWS\System32\KERNEL32.DLL
[0912/054216.165:ERROR:process_memory_win.cc(73)] ReadMemory at 0x7ff901860000 of 64 bytes failed: Only part of a ReadProcessMemory or WriteProcessMemory request was completed. (0x12B)
[0912/054216.165:WARNING:pe_image_reader.cc(340)] could not read dos header from C:\WINDOWS\System32\KERNELBASE.dll
[0912/054216.165:ERROR:process_memory_win.cc(73)] ReadMemory at 0x7ff8f10d0000 of 64 bytes failed: Only part of a ReadProcessMemory or WriteProcessMemory request was completed. (0x12B)
[0912/054216.165:WARNING:pe_image_reader.cc(340)] could not read dos header from C:\Program Files (x86)\Google\Chrome\Application\76.0.3809.132\chrome_elf.dll
[0912/054216.165:ERROR:process_memory_win.cc(73)] ReadMemory at 0x7ff8f6510000 of 64 bytes failed: Only part of a ReadProcessMemory or WriteProcessMemory request was completed. (0x12B)
[0912/054216.166:WARNING:pe_image_reader.cc(340)] could not read dos header from C:\WINDOWS\SYSTEM32\VERSION.dll
[0912/054216.166:ERROR:process_memory_win.cc(73)] ReadMemory at 0x7ff904160000 of 64 bytes failed: Only part of a ReadProcessMemory or WriteProcessMemory request was completed. (0x12B)
[0912/054216.166:WARNING:pe_image_reader.cc(340)] could not read dos header from C:\WINDOWS\System32\msvcrt.dll
[0912/054216.166:ERROR:process_memory_win.cc(73)] ReadMemory at 0x7ff9015d0000 of 64 bytes failed: Only part of a ReadProcessMemory or WriteProcessMemory request was completed. (0x12B)
[0912/054216.166:WARNING:pe_image_reader.cc(340)] could not read dos header from C:\WINDOWS\System32\bcryptPrimitives.dll
[0912/054216.166:ERROR:process_memory_win.cc(73)] ReadMemory at 0x7ff9040b0000 of 64 bytes failed: Only part of a ReadProcessMemory or WriteProcessMemory request was completed. (0x12B)
[0912/054216.166:WARNING:pe_image_reader.cc(340)] could not read dos header from C:\WINDOWS\System32\ADVAPI32.dll
[0912/054216.166:ERROR:process_memory_win.cc(73)] ReadMemory at 0x7ff9030d0000 of 64 bytes failed: Only part of a ReadProcessMemory or WriteProcessMemory request was completed. (0x12B)
[0912/054216.166:WARNING:pe_image_reader.cc(340)] could not read dos header from C:\WINDOWS\System32\sechost.dll
[0912/054216.166:ERROR:process_memory_win.cc(73)] ReadMemory at 0x7ff903d00000 of 64 bytes failed: Only part of a ReadProcessMemory or WriteProcessMemory request was completed. (0x12B)
[0912/054216.166:WARNING:pe_image_reader.cc(340)] could not read dos header from C:\WINDOWS\System32\RPCRT4.dll
[0912/054216.166:ERROR:process_memory_win.cc(73)] ReadMemory at 0x7ff8ba840000 of 64 bytes failed: Only part of a ReadProcessMemory or WriteProcessMemory request was completed. (0x12B)
[0912/054216.167:WARNING:pe_image_reader.cc(340)] could not read dos header from C:\Program Files (x86)\Google\Chrome\Application\76.0.3809.132\chrome_child.dll
[0912/054216.167:ERROR:process_memory_win.cc(73)] ReadMemory at 0x7ff903e30000 of 64 bytes failed: Only part of a ReadProcessMemory or WriteProcessMemory request was completed. (0x12B)
[0912/054216.167:WARNING:pe_image_reader.cc(340)] could not read dos header from C:\WINDOWS\System32\OLEAUT32.dll
[0912/054216.167:ERROR:process_memory_win.cc(73)] ReadMemory at 0x7ff901330000 of 64 bytes failed: Only part of a ReadProcessMemory or WriteProcessMemory request was completed. (0x12B)
[0912/054216.167:WARNING:pe_image_reader.cc(340)] could not read dos header from C:\WINDOWS\System32\msvcp_win.dll
[0912/054216.167:ERROR:process_memory_win.cc(73)] ReadMemory at 0x7ff901680000 of 64 bytes failed: Only part of a ReadProcessMemory or WriteProcessMemory request was completed. (0x12B)
[0912/054216.167:WARNING:pe_image_reader.cc(340)] could not read dos header from C:\WINDOWS\System32\ucrtbase.dll
[0912/054216.167:ERROR:process_memory_win.cc(73)] ReadMemory at 0x7ff902b40000 of 64 bytes failed: Only part of a ReadProcessMemory or WriteProcessMemory request was completed. (0x12B)
[0912/054216.167:WARNING:pe_image_reader.cc(340)] could not read dos header from C:\WINDOWS\System32\combase.dll
[0912/054216.167:ERROR:process_memory_win.cc(73)] ReadMemory at 0x7ff903b30000 of 64 bytes failed: Only part of a ReadProcessMemory or WriteProcessMemory request was completed. (0x12B)
[0912/054216.167:WARNING:pe_image_reader.cc(340)] could not read dos header from C:\WINDOWS\System32\WS2_32.dll
[0912/054216.168:ERROR:process_memory_win.cc(73)] ReadMemory at 0x7ff903cd0000 of 64 bytes failed: Only part of a ReadProcessMemory or WriteProcessMemory request was completed. (0x12B)
[0912/054216.168:WARNING:pe_image_reader.cc(340)] could not read dos header from C:\WINDOWS\System32\GDI32.dll
[0912/054216.168:ERROR:process_memory_win.cc(73)] ReadMemory at 0x7ff901650000 of 64 bytes failed: Only part of a ReadProcessMemory or WriteProcessMemory request was completed. (0x12B)
[0912/054216.168:WARNING:pe_image_reader.cc(340)] could not read dos header from C:\WINDOWS\System32\win32u.dll
[0912/054216.168:ERROR:process_memory_win.cc(73)] ReadMemory at 0x7ff902290000 of 64 bytes failed: Only part of a ReadProcessMemory or WriteProcessMemory request was completed. (0x12B)
[0912/054216.168:WARNING:pe_image_reader.cc(340)] could not read dos header from C:\WINDOWS\System32\gdi32full.dll
[0912/054216.168:ERROR:process_memory_win.cc(73)] ReadMemory at 0x7ff902f30000 of 64 bytes failed: Only part of a ReadProcessMemory or WriteProcessMemory request was completed. (0x12B)
[0912/054216.168:WARNING:pe_image_reader.cc(340)] could not read dos header from C:\WINDOWS\System32\USER32.dll
[0912/054216.168:ERROR:process_memory_win.cc(73)] ReadMemory at 0x7ff901570000 of 64 bytes failed: Only part of a ReadProcessMemory or WriteProcessMemory request was completed. (0x12B)
[0912/054216.168:WARNING:pe_image_reader.cc(340)] could not read dos header from C:\WINDOWS\System32\WINTRUST.dll
[0912/054216.168:ERROR:process_memory_win.cc(73)] ReadMemory at 0x7ff901310000 of 64 bytes failed: Only part of a ReadProcessMemory or WriteProcessMemory request was completed. (0x12B)
[0912/054216.169:WARNING:pe_image_reader.cc(340)] could not read dos header from C:\WINDOWS\System32\MSASN1.dll
[0912/054216.169:ERROR:process_memory_win.cc(73)] ReadMemory at 0x7ff9013d0000 of 64 bytes failed: Only part of a ReadProcessMemory or WriteProcessMemory request was completed. (0x12B)
[0912/054216.169:WARNING:pe_image_reader.cc(340)] could not read dos header from C:\WINDOWS\System32\CRYPT32.dll
[0912/054216.169:ERROR:process_memory_win.cc(73)] ReadMemory at 0x7ff900790000 of 64 bytes failed: Only part of a ReadProcessMemory or WriteProcessMemory request was completed. (0x12B)
[0912/054216.169:WARNING:pe_image_reader.cc(340)] could not read dos header from C:\WINDOWS\SYSTEM32\IPHLPAPI.DLL
[0912/054216.169:ERROR:process_memory_win.cc(73)] ReadMemory at 0x7ff8f0880000 of 64 bytes failed: Only part of a ReadProcessMemory or WriteProcessMemory request was completed. (0x12B)
[0912/054216.169:WARNING:pe_image_reader.cc(340)] could not read dos header from C:\WINDOWS\SYSTEM32\WINMM.dll
[0912/054216.169:ERROR:process_memory_win.cc(73)] ReadMemory at 0x7ff901190000 of 64 bytes failed: Only part of a ReadProcessMemory or WriteProcessMemory request was completed. (0x12B)
[0912/054216.169:WARNING:pe_image_reader.cc(340)] could not read dos header from C:\WINDOWS\SYSTEM32\USERENV.dll
[0912/054216.169:ERROR:process_memory_win.cc(73)] ReadMemory at 0x7ff901280000 of 64 bytes failed: Only part of a ReadProcessMemory or WriteProcessMemory request was completed. (0x12B)
[0912/054216.169:WARNING:pe_image_reader.cc(340)] could not read dos header from C:\WINDOWS\System32\profapi.dll
[0912/054216.170:ERROR:process_memory_win.cc(73)] ReadMemory at 0x7ff8ecb60000 of 64 bytes failed: Only part of a ReadProcessMemory or WriteProcessMemory request was completed. (0x12B)
[0912/054216.170:WARNING:pe_image_reader.cc(340)] could not read dos header from C:\WINDOWS\SYSTEM32\DWrite.dll
[0912/054216.170:ERROR:process_memory_win.cc(73)] ReadMemory at 0x7ff8e6d70000 of 64 bytes failed: Only part of a ReadProcessMemory or WriteProcessMemory request was completed. (0x12B)
[0912/054216.170:WARNING:pe_image_reader.cc(340)] could not read dos header from C:\WINDOWS\SYSTEM32\WINSPOOL.DRV
[0912/054216.170:ERROR:process_memory_win.cc(73)] ReadMemory at 0x7ff9012f0000 of 64 bytes failed: Only part of a ReadProcessMemory or WriteProcessMemory request was completed. (0x12B)
[0912/054216.170:WARNING:pe_image_reader.cc(340)] could not read dos header from C:\WINDOWS\System32\kernel.appcore.dll
[0912/054216.170:ERROR:process_memory_win.cc(73)] ReadMemory at 0x7ff901830000 of 64 bytes failed: Only part of a ReadProcessMemory or WriteProcessMemory request was completed. (0x12B)
[0912/054216.170:WARNING:pe_image_reader.cc(340)] could not read dos header from C:\WINDOWS\System32\bcrypt.dll
[0912/054216.170:ERROR:process_memory_win.cc(73)] ReadMemory at 0x7ff8fdcf0000 of 64 bytes failed: Only part of a ReadProcessMemory or WriteProcessMemory request was completed. (0x12B)
[0912/054216.170:WARNING:pe_image_reader.cc(340)] could not read dos header from C:\WINDOWS\SYSTEM32\dbghelp.dll
[0912/054216.170:ERROR:process_memory_win.cc(73)] ReadMemory at 0x7ff8f8cc0000 of 64 bytes failed: Only part of a ReadProcessMemory or WriteProcessMemory request was completed. (0x12B)
[0912/054216.170:WARNING:pe_image_reader.cc(340)] could not read dos header from C:\WINDOWS\SYSTEM32\WINHTTP.dll
[0912/054216.170:ERROR:process_memory_win.cc(73)] ReadMemory at 0x7ff8f5950000 of 64 bytes failed: Only part of a ReadProcessMemory or WriteProcessMemory request was completed. (0x12B)
[0912/054216.170:WARNING:pe_image_reader.cc(340)] could not read dos header from C:\WINDOWS\SYSTEM32\Secur32.dll
[0912/054216.170:ERROR:process_memory_win.cc(73)] ReadMemory at 0x7ff8fb7a0000 of 64 bytes failed: Only part of a ReadProcessMemory or WriteProcessMemory request was completed. (0x12B)
[0912/054216.171:WARNING:pe_image_reader.cc(340)] could not read dos header from C:\WINDOWS\SYSTEM32\dhcpcsvc.DLL
[0912/054216.171:ERROR:process_memory_win.cc(73)] ReadMemory at 0x7ff903650000 of 64 bytes failed: Only part of a ReadProcessMemory or WriteProcessMemory request was completed. (0x12B)
[0912/054216.171:WARNING:pe_image_reader.cc(340)] could not read dos header from C:\WINDOWS\System32\NSI.dll
[0912/054216.171:ERROR:process_memory_win.cc(73)] ReadMemory at 0x7ff8f0820000 of 64 bytes failed: Only part of a ReadProcessMemory or WriteProcessMemory request was completed. (0x12B)
[0912/054216.171:WARNING:pe_image_reader.cc(340)] could not read dos header from C:\WINDOWS\SYSTEM32\WINMMBASE.dll
[0912/054216.171:ERROR:process_memory_win.cc(73)] ReadMemory at 0x7ff901520000 of 64 bytes failed: Only part of a ReadProcessMemory or WriteProcessMemory request was completed. (0x12B)
[0912/054216.171:WARNING:pe_image_reader.cc(340)] could not read dos header from C:\WINDOWS\System32\cfgmgr32.dll
[0912/054216.171:ERROR:process_memory_win.cc(73)] ReadMemory at 0x7ff8fd6c0000 of 64 bytes failed: Only part of a ReadProcessMemory or WriteProcessMemory request was completed. (0x12B)
[0912/054216.171:WARNING:pe_image_reader.cc(340)] could not read dos header from C:\WINDOWS\SYSTEM32\PROPSYS.dll
[0912/054216.171:ERROR:process_memory_win.cc(73)] ReadMemory at 0x7ff903820000 of 64 bytes failed: Only part of a ReadProcessMemory or WriteProcessMemory request was completed. (0x12B)
[0912/054216.171:WARNING:pe_image_reader.cc(340)] could not read dos header from C:\WINDOWS\System32\shcore.dll
[0912/054216.171:ERROR:process_memory_win.cc(73)] ReadMemory at 0x7ff901160000 of 64 bytes failed: Only part of a ReadProcessMemory or WriteProcessMemory request was completed. (0x12B)
[0912/054216.171:WARNING:pe_image_reader.cc(340)] could not read dos header from C:\WINDOWS\SYSTEM32\SSPICLI.DLL
[0912/054216.171:ERROR:process_memory_win.cc(73)] ReadMemory at 0x7ff904330000 of 64 bytes failed: Only part of a ReadProcessMemory or WriteProcessMemory request was completed. (0x12B)
[0912/054216.171:WARNING:pe_image_reader.cc(340)] could not read dos header from C:\WINDOWS\System32\IMM32.DLL
[0912/054216.171:ERROR:process_memory_win.cc(73)] ReadMemory at 0x7ff902450000 of 64 bytes failed: Only part of a ReadProcessMemory or WriteProcessMemory request was completed. (0x12B)
[0912/054216.171:WARNING:pe_image_reader.cc(340)] could not read dos header from C:\WINDOWS\System32\SHELL32.dll
[0912/054216.171:ERROR:process_memory_win.cc(73)] ReadMemory at 0x7ff901b10000 of 64 bytes failed: Only part of a ReadProcessMemory or WriteProcessMemory request was completed. (0x12B)
[0912/054216.171:WARNING:pe_image_reader.cc(340)] could not read dos header from C:\WINDOWS\System32\windows.storage.dll
[0912/054216.172:ERROR:process_memory_win.cc(73)] ReadMemory at 0x7ff9012a0000 of 64 bytes failed: Only part of a ReadProcessMemory or WriteProcessMemory request was completed. (0x12B)
[0912/054216.172:WARNING:pe_image_reader.cc(340)] could not read dos header from C:\WINDOWS\System32\powrprof.dll
[0912/054216.172:ERROR:process_memory_win.cc(73)] ReadMemory at 0x7ff901270000 of 64 bytes failed: Only part of a ReadProcessMemory or WriteProcessMemory request was completed. (0x12B)
[0912/054216.172:WARNING:pe_image_reader.cc(340)] could not read dos header from C:\WINDOWS\System32\UMPDC.dll
[0912/054216.172:ERROR:process_memory_win.cc(73)] ReadMemory at 0x7ff903ba0000 of 64 bytes failed: Only part of a ReadProcessMemory or WriteProcessMemory request was completed. (0x12B)
[0912/054216.172:WARNING:pe_image_reader.cc(340)] could not read dos header from C:\WINDOWS\System32\shlwapi.dll
[0912/054216.172:ERROR:process_memory_win.cc(73)] ReadMemory at 0x7ff902430000 of 64 bytes failed: Only part of a ReadProcessMemory or WriteProcessMemory request was completed. (0x12B)
[0912/054216.172:WARNING:pe_image_reader.cc(340)] could not read dos header from C:\WINDOWS\System32\cryptsp.dll
[0912/054216.172:ERROR:process_memory_win.cc(73)] ReadMemory at 0x7ff900cb0000 of 64 bytes failed: Only part of a ReadProcessMemory or WriteProcessMemory request was completed. (0x12B)
[0912/054216.172:WARNING:pe_image_reader.cc(340)] could not read dos header from C:\WINDOWS\SYSTEM32\CRYPTBASE.DLL
[0912/054216.172:ERROR:process_memory_win.cc(73)] ReadMemory at 0x7ff61d280000 of 64 bytes failed: Only part of a ReadProcessMemory or WriteProcessMemory request was completed. (0x12B)
[0912/054216.172:WARNING:pe_image_reader.cc(340)] could not read dos header from C:\Program Files (x86)\Google\Chrome\Application\chrome.exe
[0912/054216.172:ERROR:process_memory_win.cc(73)] ReadMemory at 0x7ff9043a0000 of 64 bytes failed: Only part of a ReadProcessMemory or WriteProcessMemory request was completed. (0x12B)
[0912/054216.172:WARNING:pe_image_reader.cc(340)] could not read dos header from C:\WINDOWS\SYSTEM32\ntdll.dll
[0912/054216.172:ERROR:process_memory_win.cc(73)] ReadMemory at 0x7ff904200000 of 64 bytes failed: Only part of a ReadProcessMemory or WriteProcessMemory request was completed. (0x12B)
[0912/054216.172:WARNING:pe_image_reader.cc(340)] could not read dos header from C:\WINDOWS\System32\KERNEL32.DLL
[0912/054216.172:ERROR:process_memory_win.cc(73)] ReadMemory at 0x7ff901860000 of 64 bytes failed: Only part of a ReadProcessMemory or WriteProcessMemory request was completed. (0x12B)
[0912/054216.172:WARNING:pe_image_reader.cc(340)] could not read dos header from C:\WINDOWS\System32\KERNELBASE.dll
[0912/054216.172:ERROR:process_memory_win.cc(73)] ReadMemory at 0x7ff8f10d0000 of 64 bytes failed: Only part of a ReadProcessMemory or WriteProcessMemory request was completed. (0x12B)
[0912/054216.172:WARNING:pe_image_reader.cc(340)] could not read dos header from C:\Program Files (x86)\Google\Chrome\Application\76.0.3809.132\chrome_elf.dll
[0912/054216.172:ERROR:process_memory_win.cc(73)] ReadMemory at 0x7ff8f6510000 of 64 bytes failed: Only part of a ReadProcessMemory or WriteProcessMemory request was completed. (0x12B)
[0912/054216.172:WARNING:pe_image_reader.cc(340)] could not read dos header from C:\WINDOWS\SYSTEM32\VERSION.dll
[0912/054216.173:ERROR:process_memory_win.cc(73)] ReadMemory at 0x7ff904160000 of 64 bytes failed: Only part of a ReadProcessMemory or WriteProcessMemory request was completed. (0x12B)
[0912/054216.173:WARNING:pe_image_reader.cc(340)] could not read dos header from C:\WINDOWS\System32\msvcrt.dll
[0912/054216.173:ERROR:process_memory_win.cc(73)] ReadMemory at 0x7ff9015d0000 of 64 bytes failed: Only part of a ReadProcessMemory or WriteProcessMemory request was completed. (0x12B)
[0912/054216.173:WARNING:pe_image_reader.cc(340)] could not read dos header from C:\WINDOWS\System32\bcryptPrimitives.dll
[0912/054216.173:ERROR:process_memory_win.cc(73)] ReadMemory at 0x7ff9040b0000 of 64 bytes failed: Only part of a ReadProcessMemory or WriteProcessMemory request was completed. (0x12B)
[0912/054216.173:WARNING:pe_image_reader.cc(340)] could not read dos header from C:\WINDOWS\System32\ADVAPI32.dll
[0912/054216.173:ERROR:process_memory_win.cc(73)] ReadMemory at 0x7ff9030d0000 of 64 bytes failed: Only part of a ReadProcessMemory or WriteProcessMemory request was completed. (0x12B)
[0912/054216.173:WARNING:pe_image_reader.cc(340)] could not read dos header from C:\WINDOWS\System32\sechost.dll
[0912/054216.173:ERROR:process_memory_win.cc(73)] ReadMemory at 0x7ff903d00000 of 64 bytes failed: Only part of a ReadProcessMemory or WriteProcessMemory request was completed. (0x12B)
[0912/054216.173:WARNING:pe_image_reader.cc(340)] could not read dos header from C:\WINDOWS\System32\RPCRT4.dll
[0912/054216.173:ERROR:process_memory_win.cc(73)] ReadMemory at 0x7ff8ba840000 of 64 bytes failed: Only part of a ReadProcessMemory or WriteProcessMemory request was completed. (0x12B)
[0912/054216.173:WARNING:pe_image_reader.cc(340)] could not read dos header from C:\Program Files (x86)\Google\Chrome\Application\76.0.3809.132\chrome_child.dll
[0912/054216.173:ERROR:process_memory_win.cc(73)] ReadMemory at 0x7ff903e30000 of 64 bytes failed: Only part of a ReadProcessMemory or WriteProcessMemory request was completed. (0x12B)
[0912/054216.173:WARNING:pe_image_reader.cc(340)] could not read dos header from C:\WINDOWS\System32\OLEAUT32.dll
[0912/054216.174:ERROR:process_memory_win.cc(73)] ReadMemory at 0x7ff901330000 of 64 bytes failed: Only part of a ReadProcessMemory or WriteProcessMemory request was completed. (0x12B)
[0912/054216.174:WARNING:pe_image_reader.cc(340)] could not read dos header from C:\WINDOWS\System32\msvcp_win.dll
[0912/054216.174:ERROR:process_memory_win.cc(73)] ReadMemory at 0x7ff901680000 of 64 bytes failed: Only part of a ReadProcessMemory or WriteProcessMemory request was completed. (0x12B)
[0912/054216.174:WARNING:pe_image_reader.cc(340)] could not read dos header from C:\WINDOWS\System32\ucrtbase.dll
[0912/054216.174:ERROR:process_memory_win.cc(73)] ReadMemory at 0x7ff902b40000 of 64 bytes failed: Only part of a ReadProcessMemory or WriteProcessMemory request was completed. (0x12B)
[0912/054216.174:WARNING:pe_image_reader.cc(340)] could not read dos header from C:\WINDOWS\System32\combase.dll
[0912/054216.174:ERROR:process_memory_win.cc(73)] ReadMemory at 0x7ff903b30000 of 64 bytes failed: Only part of a ReadProcessMemory or WriteProcessMemory request was completed. (0x12B)
[0912/054216.174:WARNING:pe_image_reader.cc(340)] could not read dos header from C:\WINDOWS\System32\WS2_32.dll
[0912/054216.174:ERROR:process_memory_win.cc(73)] ReadMemory at 0x7ff903cd0000 of 64 bytes failed: Only part of a ReadProcessMemory or WriteProcessMemory request was completed. (0x12B)
[0912/054216.174:WARNING:pe_image_reader.cc(340)] could not read dos header from C:\WINDOWS\System32\GDI32.dll
[0912/054216.174:ERROR:process_memory_win.cc(73)] ReadMemory at 0x7ff901650000 of 64 bytes failed: Only part of a ReadProcessMemory or WriteProcessMemory request was completed. (0x12B)
[0912/054216.174:WARNING:pe_image_reader.cc(340)] could not read dos header from C:\WINDOWS\System32\win32u.dll
[0912/054216.174:ERROR:process_memory_win.cc(73)] ReadMemory at 0x7ff902290000 of 64 bytes failed: Only part of a ReadProcessMemory or WriteProcessMemory request was completed. (0x12B)
[0912/054216.174:WARNING:pe_image_reader.cc(340)] could not read dos header from C:\WINDOWS\System32\gdi32full.dll
[0912/054216.174:ERROR:process_memory_win.cc(73)] ReadMemory at 0x7ff902f30000 of 64 bytes failed: Only part of a ReadProcessMemory or WriteProcessMemory request was completed. (0x12B)
[0912/054216.174:WARNING:pe_image_reader.cc(340)] could not read dos header from C:\WINDOWS\System32\USER32.dll
[0912/054216.174:ERROR:process_memory_win.cc(73)] ReadMemory at 0x7ff901570000 of 64 bytes failed: Only part of a ReadProcessMemory or WriteProcessMemory request was completed. (0x12B)
[0912/054216.174:WARNING:pe_image_reader.cc(340)] could not read dos header from C:\WINDOWS\System32\WINTRUST.dll
[0912/054216.175:ERROR:process_memory_win.cc(73)] ReadMemory at 0x7ff901310000 of 64 bytes failed: Only part of a ReadProcessMemory or WriteProcessMemory request was completed. (0x12B)
[0912/054216.175:WARNING:pe_image_reader.cc(340)] could not read dos header from C:\WINDOWS\System32\MSASN1.dll
[0912/054216.175:ERROR:process_memory_win.cc(73)] ReadMemory at 0x7ff9013d0000 of 64 bytes failed: Only part of a ReadProcessMemory or WriteProcessMemory request was completed. (0x12B)
[0912/054216.175:WARNING:pe_image_reader.cc(340)] could not read dos header from C:\WINDOWS\System32\CRYPT32.dll
[0912/054216.175:ERROR:process_memory_win.cc(73)] ReadMemory at 0x7ff900790000 of 64 bytes failed: Only part of a ReadProcessMemory or WriteProcessMemory request was completed. (0x12B)
[0912/054216.175:WARNING:pe_image_reader.cc(340)] could not read dos header from C:\WINDOWS\SYSTEM32\IPHLPAPI.DLL
[0912/054216.175:ERROR:process_memory_win.cc(73)] ReadMemory at 0x7ff8f0880000 of 64 bytes failed: Only part of a ReadProcessMemory or WriteProcessMemory request was completed. (0x12B)
[0912/054216.175:WARNING:pe_image_reader.cc(340)] could not read dos header from C:\WINDOWS\SYSTEM32\WINMM.dll
[0912/054216.175:ERROR:process_memory_win.cc(73)] ReadMemory at 0x7ff901190000 of 64 bytes failed: Only part of a ReadProcessMemory or WriteProcessMemory request was completed. (0x12B)
[0912/054216.175:WARNING:pe_image_reader.cc(340)] could not read dos header from C:\WINDOWS\SYSTEM32\USERENV.dll
[0912/054216.175:ERROR:process_memory_win.cc(73)] ReadMemory at 0x7ff901280000 of 64 bytes failed: Only part of a ReadProcessMemory or WriteProcessMemory request was completed. (0x12B)
[0912/054216.175:WARNING:pe_image_reader.cc(340)] could not read dos header from C:\WINDOWS\System32\profapi.dll
[0912/054216.175:ERROR:process_memory_win.cc(73)] ReadMemory at 0x7ff8ecb60000 of 64 bytes failed: Only part of a ReadProcessMemory or WriteProcessMemory request was completed. (0x12B)
[0912/054216.175:WARNING:pe_image_reader.cc(340)] could not read dos header from C:\WINDOWS\SYSTEM32\DWrite.dll
[0912/054216.175:ERROR:process_memory_win.cc(73)] ReadMemory at 0x7ff8e6d70000 of 64 bytes failed: Only part of a ReadProcessMemory or WriteProcessMemory request was completed. (0x12B)
[0912/054216.175:WARNING:pe_image_reader.cc(340)] could not read dos header from C:\WINDOWS\SYSTEM32\WINSPOOL.DRV
[0912/054216.175:ERROR:process_memory_win.cc(73)] ReadMemory at 0x7ff9012f0000 of 64 bytes failed: Only part of a ReadProcessMemory or WriteProcessMemory request was completed. (0x12B)
[0912/054216.175:WARNING:pe_image_reader.cc(340)] could not read dos header from C:\WINDOWS\System32\kernel.appcore.dll
[0912/054216.175:ERROR:process_memory_win.cc(73)] ReadMemory at 0x7ff901830000 of 64 bytes failed: Only part of a ReadProcessMemory or WriteProcessMemory request was completed. (0x12B)
[0912/054216.176:WARNING:pe_image_reader.cc(340)] could not read dos header from C:\WINDOWS\System32\bcrypt.dll
[0912/054216.176:ERROR:process_memory_win.cc(73)] ReadMemory at 0x7ff8fdcf0000 of 64 bytes failed: Only part of a ReadProcessMemory or WriteProcessMemory request was completed. (0x12B)
[0912/054216.176:WARNING:pe_image_reader.cc(340)] could not read dos header from C:\WINDOWS\SYSTEM32\dbghelp.dll
[0912/054216.176:ERROR:process_memory_win.cc(73)] ReadMemory at 0x7ff8f8cc0000 of 64 bytes failed: Only part of a ReadProcessMemory or WriteProcessMemory request was completed. (0x12B)
[0912/054216.176:WARNING:pe_image_reader.cc(340)] could not read dos header from C:\WINDOWS\SYSTEM32\WINHTTP.dll
[0912/054216.176:ERROR:process_memory_win.cc(73)] ReadMemory at 0x7ff8f5950000 of 64 bytes failed: Only part of a ReadProcessMemory or WriteProcessMemory request was completed. (0x12B)
[0912/054216.176:WARNING:pe_image_reader.cc(340)] could not read dos header from C:\WINDOWS\SYSTEM32\Secur32.dll
[0912/054216.176:ERROR:process_memory_win.cc(73)] ReadMemory at 0x7ff8fb7a0000 of 64 bytes failed: Only part of a ReadProcessMemory or WriteProcessMemory request was completed. (0x12B)
[0912/054216.176:WARNING:pe_image_reader.cc(340)] could not read dos header from C:\WINDOWS\SYSTEM32\dhcpcsvc.DLL
[0912/054216.176:ERROR:process_memory_win.cc(73)] ReadMemory at 0x7ff903650000 of 64 bytes failed: Only part of a ReadProcessMemory or WriteProcessMemory request was completed. (0x12B)
[0912/054216.176:WARNING:pe_image_reader.cc(340)] could not read dos header from C:\WINDOWS\System32\NSI.dll
[0912/054216.176:ERROR:process_memory_win.cc(73)] ReadMemory at 0x7ff8f0820000 of 64 bytes failed: Only part of a ReadProcessMemory or WriteProcessMemory request was completed. (0x12B)
[0912/054216.176:WARNING:pe_image_reader.cc(340)] could not read dos header from C:\WINDOWS\SYSTEM32\WINMMBASE.dll
[0912/054216.177:ERROR:process_memory_win.cc(73)] ReadMemory at 0x7ff901520000 of 64 bytes failed: Only part of a ReadProcessMemory or WriteProcessMemory request was completed. (0x12B)
[0912/054216.177:WARNING:pe_image_reader.cc(340)] could not read dos header from C:\WINDOWS\System32\cfgmgr32.dll
[0912/054216.177:ERROR:process_memory_win.cc(73)] ReadMemory at 0x7ff8fd6c0000 of 64 bytes failed: Only part of a ReadProcessMemory or WriteProcessMemory request was completed. (0x12B)
[0912/054216.177:WARNING:pe_image_reader.cc(340)] could not read dos header from C:\WINDOWS\SYSTEM32\PROPSYS.dll
[0912/054216.177:ERROR:process_memory_win.cc(73)] ReadMemory at 0x7ff903820000 of 64 bytes failed: Only part of a ReadProcessMemory or WriteProcessMemory request was completed. (0x12B)
[0912/054216.177:WARNING:pe_image_reader.cc(340)] could not read dos header from C:\WINDOWS\System32\shcore.dll
[0912/054216.177:ERROR:process_memory_win.cc(73)] ReadMemory at 0x7ff901160000 of 64 bytes failed: Only part of a ReadProcessMemory or WriteProcessMemory request was completed. (0x12B)
[0912/054216.177:WARNING:pe_image_reader.cc(340)] could not read dos header from C:\WINDOWS\SYSTEM32\SSPICLI.DLL
[0912/054216.177:ERROR:process_memory_win.cc(73)] ReadMemory at 0x7ff904330000 of 64 bytes failed: Only part of a ReadProcessMemory or WriteProcessMemory request was completed. (0x12B)
[0912/054216.177:WARNING:pe_image_reader.cc(340)] could not read dos header from C:\WINDOWS\System32\IMM32.DLL
[0912/054216.177:ERROR:process_memory_win.cc(73)] ReadMemory at 0x7ff902450000 of 64 bytes failed: Only part of a ReadProcessMemory or WriteProcessMemory request was completed. (0x12B)
[0912/054216.178:WARNING:pe_image_reader.cc(340)] could not read dos header from C:\WINDOWS\System32\SHELL32.dll
[0912/054216.178:ERROR:process_memory_win.cc(73)] ReadMemory at 0x7ff901b10000 of 64 bytes failed: Only part of a ReadProcessMemory or WriteProcessMemory request was completed. (0x12B)
[0912/054216.178:WARNING:pe_image_reader.cc(340)] could not read dos header from C:\WINDOWS\System32\windows.storage.dll
[0912/054216.178:ERROR:process_memory_win.cc(73)] ReadMemory at 0x7ff9012a0000 of 64 bytes failed: Only part of a ReadProcessMemory or WriteProcessMemory request was completed. (0x12B)
[0912/054216.178:WARNING:pe_image_reader.cc(340)] could not read dos header from C:\WINDOWS\System32\powrprof.dll
[0912/054216.178:ERROR:process_memory_win.cc(73)] ReadMemory at 0x7ff901270000 of 64 bytes failed: Only part of a ReadProcessMemory or WriteProcessMemory request was completed. (0x12B)
[0912/054216.178:WARNING:pe_image_reader.cc(340)] could not read dos header from C:\WINDOWS\System32\UMPDC.dll
[0912/054216.178:ERROR:process_memory_win.cc(73)] ReadMemory at 0x7ff903ba0000 of 64 bytes failed: Only part of a ReadProcessMemory or WriteProcessMemory request was completed. (0x12B)
[0912/054216.178:WARNING:pe_image_reader.cc(340)] could not read dos header from C:\WINDOWS\System32\shlwapi.dll
[0912/054216.178:ERROR:process_memory_win.cc(73)] ReadMemory at 0x7ff902430000 of 64 bytes failed: Only part of a ReadProcessMemory or WriteProcessMemory request was completed. (0x12B)
[0912/054216.178:WARNING:pe_image_reader.cc(340)] could not read dos header from C:\WINDOWS\System32\cryptsp.dll
[0912/054216.179:ERROR:process_memory_win.cc(73)] ReadMemory at 0x7ff900cb0000 of 64 bytes failed: Only part of a ReadProcessMemory or WriteProcessMemory request was completed. (0x12B)
[0912/054216.179:WARNING:pe_image_reader.cc(340)] could not read dos header from C:\WINDOWS\SYSTEM32\CRYPTBASE.DLL
[0912/054216.192:ERROR:process_memory_win.cc(73)] ReadMemory at 0xd65a5f0000 of 65536 bytes failed: Only part of a ReadProcessMemory or WriteProcessMemory request was completed. (0x12B)
[0912/054216.192:ERROR:process_memory_win.cc(73)] ReadMemory at 0xd65a7fd000 of 12288 bytes failed: Only part of a ReadProcessMemory or WriteProcessMemory request was completed. (0x12B)
[0912/054216.193:ERROR:process_memory_win.cc(73)] ReadMemory at 0xd65a9f7000 of 36864 bytes failed: Only part of a ReadProcessMemory or WriteProcessMemory request was completed. (0x12B)
[0912/054216.193:ERROR:process_memory_win.cc(73)] ReadMemory at 0xd65abfc000 of 16384 bytes failed: Only part of a ReadProcessMemory or WriteProcessMemory request was completed. (0x12B)
[0912/054216.193:ERROR:process_memory_win.cc(73)] ReadMemory at 0xd65adfb000 of 20480 bytes failed: Only part of a ReadProcessMemory or WriteProcessMemory request was completed. (0x12B)
[0912/054216.194:ERROR:process_memory_win.cc(73)] ReadMemory at 0xd65affe000 of 8192 bytes failed: Only part of a ReadProcessMemory or WriteProcessMemory request was completed. (0x12B)
[0912/054216.194:ERROR:process_memory_win.cc(73)] ReadMemory at 0xd65b1fc000 of 16384 bytes failed: Only part of a ReadProcessMemory or WriteProcessMemory request was completed. (0x12B)
[0912/054216.194:ERROR:process_memory_win.cc(73)] ReadMemory at 0xd65b3fb000 of 20480 bytes failed: Only part of a ReadProcessMemory or WriteProcessMemory request was completed. (0x12B)
[0912/054216.194:ERROR:process_memory_win.cc(73)] ReadMemory at 0xd65b5fa000 of 24576 bytes failed: Only part of a ReadProcessMemory or WriteProcessMemory request was completed. (0x12B)
[0912/054216.194:ERROR:process_memory_win.cc(73)] ReadMemory at 0xd65b7fb000 of 20480 bytes failed: Only part of a ReadProcessMemory or WriteProcessMemory request was completed. (0x12B)
[0912/054216.194:ERROR:process_memory_win.cc(73)] ReadMemory at 0xd65b9fb000 of 20480 bytes failed: Only part of a ReadProcessMemory or WriteProcessMemory request was completed. (0x12B)
[0912/054216.195:ERROR:process_memory_win.cc(73)] ReadMemory at 0xd65bbfd000 of 12288 bytes failed: Only part of a ReadProcessMemory or WriteProcessMemory request was completed. (0x12B)
[0912/054216.195:ERROR:process_memory_win.cc(73)] ReadMemory at 0xd65bdf7000 of 36864 bytes failed: Only part of a ReadProcessMemory or WriteProcessMemory request was completed. (0x12B)
[0912/054216.195:ERROR:process_memory_win.cc(73)] ReadMemory at 0xd65bff4000 of 49152 bytes failed: Only part of a ReadProcessMemory or WriteProcessMemory request was completed. (0x12B)
[0912/054216.195:ERROR:process_memory_win.cc(73)] ReadMemory at 0xd65c1fd000 of 12288 bytes failed: Only part of a ReadProcessMemory or WriteProcessMemory request was completed. (0x12B)
[0912/054216.196:ERROR:process_memory_win.cc(73)] ReadMemory at 0xd65a263000 of 852 bytes failed: Only part of a ReadProcessMemory or WriteProcessMemory request was completed. (0x12B)
[0912/054216.196:ERROR:process_memory_win.cc(73)] ReadMemory at 0xd65a264000 of 6024 bytes failed: Only part of a ReadProcessMemory or WriteProcessMemory request was completed. (0x12B)
[0912/054216.196:ERROR:process_memory_win.cc(73)] ReadMemory at 0xd65a266000 of 6024 bytes failed: Only part of a ReadProcessMemory or WriteProcessMemory request was completed. (0x12B)
[0912/054216.196:ERROR:process_memory_win.cc(73)] ReadMemory at 0xd65a268000 of 6024 bytes failed: Only part of a ReadProcessMemory or WriteProcessMemory request was completed. (0x12B)
[0912/054216.196:ERROR:process_memory_win.cc(73)] ReadMemory at 0xd65a26a000 of 6024 bytes failed: Only part of a ReadProcessMemory or WriteProcessMemory request was completed. (0x12B)
[0912/054216.196:ERROR:process_memory_win.cc(73)] ReadMemory at 0xd65a26c000 of 6024 bytes failed: Only part of a ReadProcessMemory or WriteProcessMemory request was completed. (0x12B)
[0912/054216.196:ERROR:process_memory_win.cc(73)] ReadMemory at 0xd65a26e000 of 6024 bytes failed: Only part of a ReadProcessMemory or WriteProcessMemory request was completed. (0x12B)
[0912/054216.196:ERROR:process_memory_win.cc(73)] ReadMemory at 0xd65a270000 of 6024 bytes failed: Only part of a ReadProcessMemory or WriteProcessMemory request was completed. (0x12B)
[0912/054216.196:ERROR:process_memory_win.cc(73)] ReadMemory at 0xd65a272000 of 6024 bytes failed: Only part of a ReadProcessMemory or WriteProcessMemory request was completed. (0x12B)
[0912/054216.196:ERROR:process_memory_win.cc(73)] ReadMemory at 0xd65a274000 of 6024 bytes failed: Only part of a ReadProcessMemory or WriteProcessMemory request was completed. (0x12B)
[0912/054216.197:ERROR:process_memory_win.cc(73)] ReadMemory at 0xd65a276000 of 6024 bytes failed: Only part of a ReadProcessMemory or WriteProcessMemory request was completed. (0x12B)
[0912/054216.197:ERROR:process_memory_win.cc(73)] ReadMemory at 0xd65a277f80 of 6152 bytes failed: Only part of a ReadProcessMemory or WriteProcessMemory request was completed. (0x12B)
[0912/054216.197:ERROR:process_memory_win.cc(73)] ReadMemory at 0xd65a27a000 of 6024 bytes failed: Only part of a ReadProcessMemory or WriteProcessMemory request was completed. (0x12B)
[0912/054216.197:ERROR:process_memory_win.cc(73)] ReadMemory at 0xd65a27c000 of 6024 bytes failed: Only part of a ReadProcessMemory or WriteProcessMemory request was completed. (0x12B)
[0912/054216.197:ERROR:process_memory_win.cc(73)] ReadMemory at 0xd65a27e000 of 6024 bytes failed: Only part of a ReadProcessMemory or WriteProcessMemory request was completed. (0x12B)
[0912/054216.197:ERROR:process_memory_win.cc(73)] ReadMemory at 0xd65a280000 of 6024 bytes failed: Only part of a ReadProcessMemory or WriteProcessMemory request was completed. (0x12B)
[0912/054216.197:ERROR:process_memory_win.cc(73)] ReadMemory at 0x2983f0c0750 of 80 bytes failed: Only part of a ReadProcessMemory or WriteProcessMemory request was completed. (0x12B)
[0912/054216.197:ERROR:process_memory_win.cc(73)] ReadMemory at 0x2983f0c0fe0 of 3910 bytes failed: Only part of a ReadProcessMemory or WriteProcessMemory request was completed. (0x12B)
[0912/054216.197:ERROR:process_memory_win.cc(73)] ReadMemory at 0x2983f0c1f30 of 1012 bytes failed: Only part of a ReadProcessMemory or WriteProcessMemory request was completed. (0x12B)
[0912/054216.197:ERROR:process_memory_win.cc(73)] ReadMemory at 0x2983f0c2578 of 118 bytes failed: Only part of a ReadProcessMemory or WriteProcessMemory request was completed. (0x12B)
[0912/054216.197:ERROR:process_memory_win.cc(73)] ReadMemory at 0x2983f0c25f0 of 1306 bytes failed: Only part of a ReadProcessMemory or WriteProcessMemory request was completed. (0x12B)
[0912/054216.197:ERROR:process_memory_win.cc(73)] ReadMemory at 0x2983f0c2b0c of 118 bytes failed: Only part of a ReadProcessMemory or WriteProcessMemory request was completed. (0x12B)
[0912/054216.197:ERROR:process_memory_win.cc(73)] ReadMemory at 0x2983f0c2b84 of 96 bytes failed: Only part of a ReadProcessMemory or WriteProcessMemory request was completed. (0x12B)
[0912/054216.198:ERROR:process_memory_win.cc(73)] ReadMemory at 0x2983f0c2bf0 of 58 bytes failed: Only part of a ReadProcessMemory or WriteProcessMemory request was completed. (0x12B)
[0912/054216.198:ERROR:process_memory_win.cc(73)] ReadMemory at 0x2983f0c2cf0 of 132 bytes failed: Only part of a ReadProcessMemory or WriteProcessMemory request was completed. (0x12B)
[0912/054216.198:ERROR:process_memory_win.cc(73)] ReadMemory at 0x2983f0c2e80 of 132 bytes failed: Only part of a ReadProcessMemory or WriteProcessMemory request was completed. (0x12B)
[0912/054216.198:ERROR:process_memory_win.cc(73)] ReadMemory at 0x2983f0c3040 of 126 bytes failed: Only part of a ReadProcessMemory or WriteProcessMemory request was completed. (0x12B)
[0912/054216.198:ERROR:process_memory_win.cc(73)] ReadMemory at 0x2983f0c3420 of 132 bytes failed: Only part of a ReadProcessMemory or WriteProcessMemory request was completed. (0x12B)
[0912/054216.198:ERROR:process_memory_win.cc(73)] ReadMemory at 0x2983f0c35b0 of 64 bytes failed: Only part of a ReadProcessMemory or WriteProcessMemory request was completed. (0x12B)
[0912/054216.198:ERROR:process_memory_win.cc(73)] ReadMemory at 0x2983f0c3770 of 132 bytes failed: Only part of a ReadProcessMemory or WriteProcessMemory request was completed. (0x12B)
[0912/054216.198:ERROR:process_memory_win.cc(73)] ReadMemory at 0x2983f0c3a10 of 132 bytes failed: Only part of a ReadProcessMemory or WriteProcessMemory request was completed. (0x12B)
[0912/054216.198:ERROR:process_memory_win.cc(73)] ReadMemory at 0x2983f0c3ba0 of 68 bytes failed: Only part of a ReadProcessMemory or WriteProcessMemory request was completed. (0x12B)
[0912/054216.198:ERROR:process_memory_win.cc(73)] ReadMemory at 0x2983f0c4d80 of 132 bytes failed: Only part of a ReadProcessMemory or WriteProcessMemory request was completed. (0x12B)
[0912/054216.198:ERROR:process_memory_win.cc(73)] ReadMemory at 0x2983f0c4f10 of 154 bytes failed: Only part of a ReadProcessMemory or WriteProcessMemory request was completed. (0x12B)
[0912/054216.198:ERROR:process_memory_win.cc(73)] ReadMemory at 0x2983f0c5d00 of 62 bytes failed: Only part of a ReadProcessMemory or WriteProcessMemory request was completed. (0x12B)
[0912/054216.198:ERROR:process_memory_win.cc(73)] ReadMemory at 0x2983f0c5d50 of 132 bytes failed: Only part of a ReadProcessMemory or WriteProcessMemory request was completed. (0x12B)
[0912/054216.198:ERROR:process_memory_win.cc(73)] ReadMemory at 0x2983f0c5ef0 of 60 bytes failed: Only part of a ReadProcessMemory or WriteProcessMemory request was completed. (0x12B)
[0912/054216.198:ERROR:process_memory_win.cc(73)] ReadMemory at 0x2983f0c6430 of 132 bytes failed: Only part of a ReadProcessMemory or WriteProcessMemory request was completed. (0x12B)
[0912/054216.198:ERROR:process_memory_win.cc(73)] ReadMemory at 0x2983f0c69e0 of 132 bytes failed: Only part of a ReadProcessMemory or WriteProcessMemory request was completed. (0x12B)
[0912/054216.198:ERROR:process_memory_win.cc(73)] ReadMemory at 0x2983f0c75a0 of 132 bytes failed: Only part of a ReadProcessMemory or WriteProcessMemory request was completed. (0x12B)
[0912/054216.199:ERROR:process_memory_win.cc(73)] ReadMemory at 0x2983f0c7850 of 132 bytes failed: Only part of a ReadProcessMemory or WriteProcessMemory request was completed. (0x12B)
[0912/054216.199:ERROR:process_memory_win.cc(73)] ReadMemory at 0x2983f0ca840 of 64 bytes failed: Only part of a ReadProcessMemory or WriteProcessMemory request was completed. (0x12B)
[0912/054216.199:ERROR:process_memory_win.cc(73)] ReadMemory at 0x2983f0ca890 of 64 bytes failed: Only part of a ReadProcessMemory or WriteProcessMemory request was completed. (0x12B)
[0912/054216.199:ERROR:process_memory_win.cc(73)] ReadMemory at 0x2983f0ca8e0 of 62 bytes failed: Only part of a ReadProcessMemory or WriteProcessMemory request was completed. (0x12B)
[0912/054216.199:ERROR:process_memory_win.cc(73)] ReadMemory at 0x2983f0ca9d0 of 62 bytes failed: Only part of a ReadProcessMemory or WriteProcessMemory request was completed. (0x12B)
[0912/054216.199:ERROR:process_memory_win.cc(73)] ReadMemory at 0x2983f0cab10 of 60 bytes failed: Only part of a ReadProcessMemory or WriteProcessMemory request was completed. (0x12B)
[0912/054216.199:ERROR:process_memory_win.cc(73)] ReadMemory at 0x2983f0cabb0 of 58 bytes failed: Only part of a ReadProcessMemory or WriteProcessMemory request was completed. (0x12B)
[0912/054216.199:ERROR:process_memory_win.cc(73)] ReadMemory at 0x2983f0cad40 of 66 bytes failed: Only part of a ReadProcessMemory or WriteProcessMemory request was completed. (0x12B)
[0912/054216.199:ERROR:process_memory_win.cc(73)] ReadMemory at 0x2983f0cad90 of 64 bytes failed: Only part of a ReadProcessMemory or WriteProcessMemory request was completed. (0x12B)
[0912/054216.199:ERROR:process_memory_win.cc(73)] ReadMemory at 0x2983f0cae30 of 60 bytes failed: Only part of a ReadProcessMemory or WriteProcessMemory request was completed. (0x12B)
[0912/054216.199:ERROR:process_memory_win.cc(73)] ReadMemory at 0x2983f0cb050 of 132 bytes failed: Only part of a ReadProcessMemory or WriteProcessMemory request was completed. (0x12B)
[0912/054216.199:ERROR:process_memory_win.cc(73)] ReadMemory at 0x2983f0cb180 of 132 bytes failed: Only part of a ReadProcessMemory or WriteProcessMemory request was completed. (0x12B)
[0912/054216.199:ERROR:process_memory_win.cc(73)] ReadMemory at 0x2983f0cb2b0 of 132 bytes failed: Only part of a ReadProcessMemory or WriteProcessMemory request was completed. (0x12B)
[0912/054216.199:ERROR:process_memory_win.cc(73)] ReadMemory at 0x2983f0cb3e0 of 132 bytes failed: Only part of a ReadProcessMemory or WriteProcessMemory request was completed. (0x12B)
[0912/054216.199:ERROR:process_memory_win.cc(73)] ReadMemory at 0x2983f0cb510 of 132 bytes failed: Only part of a ReadProcessMemory or WriteProcessMemory request was completed. (0x12B)
[0912/054216.199:ERROR:process_memory_win.cc(73)] ReadMemory at 0x2983f0cb640 of 132 bytes failed: Only part of a ReadProcessMemory or WriteProcessMemory request was completed. (0x12B)
[0912/054216.199:ERROR:process_memory_win.cc(73)] ReadMemory at 0x2983f0cb770 of 132 bytes failed: Only part of a ReadProcessMemory or WriteProcessMemory request was completed. (0x12B)
[0912/054216.200:ERROR:process_memory_win.cc(73)] ReadMemory at 0x2983f0cb9d0 of 132 bytes failed: Only part of a ReadProcessMemory or WriteProcessMemory request was completed. (0x12B)
[0912/054216.200:ERROR:process_memory_win.cc(73)] ReadMemory at 0x2983f0cbb00 of 132 bytes failed: Only part of a ReadProcessMemory or WriteProcessMemory request was completed. (0x12B)
[0912/054216.200:ERROR:process_memory_win.cc(73)] ReadMemory at 0x2983f0cbc30 of 132 bytes failed: Only part of a ReadProcessMemory or WriteProcessMemory request was completed. (0x12B)
[0912/054216.200:ERROR:process_memory_win.cc(73)] ReadMemory at 0x2983f0cbd60 of 132 bytes failed: Only part of a ReadProcessMemory or WriteProcessMemory request was completed. (0x12B)
[0912/054216.200:ERROR:process_memory_win.cc(73)] ReadMemory at 0x2983f0cbe90 of 132 bytes failed: Only part of a ReadProcessMemory or WriteProcessMemory request was completed. (0x12B)
[0912/054216.200:ERROR:process_memory_win.cc(73)] ReadMemory at 0x2983f0cd5f0 of 54 bytes failed: Only part of a ReadProcessMemory or WriteProcessMemory request was completed. (0x12B)
[0912/054216.200:ERROR:process_memory_win.cc(73)] ReadMemory at 0x2983f0ce400 of 132 bytes failed: Only part of a ReadProcessMemory or WriteProcessMemory request was completed. (0x12B)
[0912/054216.200:ERROR:process_memory_win.cc(73)] ReadMemory at 0x2983f0cf7a0 of 158 bytes failed: Only part of a ReadProcessMemory or WriteProcessMemory request was completed. (0x12B)
[0912/054216.200:ERROR:process_memory_win.cc(73)] ReadMemory at 0x2983f0cf880 of 132 bytes failed: Only part of a ReadProcessMemory or WriteProcessMemory request was completed. (0x12B)
[0912/054216.200:ERROR:process_memory_win.cc(73)] ReadMemory at 0x2983f0d34d0 of 132 bytes failed: Only part of a ReadProcessMemory or WriteProcessMemory request was completed. (0x12B)
[0912/054216.200:ERROR:process_memory_win.cc(73)] ReadMemory at 0x2983f0d3820 of 132 bytes failed: Only part of a ReadProcessMemory or WriteProcessMemory request was completed. (0x12B)
[0912/054216.200:ERROR:process_memory_win.cc(73)] ReadMemory at 0x2983f0d3a90 of 132 bytes failed: Only part of a ReadProcessMemory or WriteProcessMemory request was completed. (0x12B)
[0912/054216.200:ERROR:process_memory_win.cc(73)] ReadMemory at 0x2983f0d3ca0 of 132 bytes failed: Only part of a ReadProcessMemory or WriteProcessMemory request was completed. (0x12B)
[0912/054216.200:ERROR:process_memory_win.cc(73)] ReadMemory at 0x2983f0d4510 of 78 bytes failed: Only part of a ReadProcessMemory or WriteProcessMemory request was completed. (0x12B)
[0912/054216.200:ERROR:process_memory_win.cc(73)] ReadMemory at 0x2983f0d4e70 of 76 bytes failed: Only part of a ReadProcessMemory or WriteProcessMemory request was completed. (0x12B)
[0912/054216.200:ERROR:process_memory_win.cc(73)] ReadMemory at 0x2983f0d5030 of 60 bytes failed: Only part of a ReadProcessMemory or WriteProcessMemory request was completed. (0x12B)
[0912/054216.201:ERROR:process_memory_win.cc(73)] ReadMemory at 0x2983f0d5080 of 62 bytes failed: Only part of a ReadProcessMemory or WriteProcessMemory request was completed. (0x12B)
[0912/054216.201:ERROR:process_memory_win.cc(73)] ReadMemory at 0x2983f0d5120 of 62 bytes failed: Only part of a ReadProcessMemory or WriteProcessMemory request was completed. (0x12B)
[0912/054216.201:ERROR:process_memory_win.cc(73)] ReadMemory at 0x2983f0d5170 of 60 bytes failed: Only part of a ReadProcessMemory or WriteProcessMemory request was completed. (0x12B)
[0912/054216.201:ERROR:process_memory_win.cc(73)] ReadMemory at 0x2983f0d51c0 of 60 bytes failed: Only part of a ReadProcessMemory or WriteProcessMemory request was completed. (0x12B)
[0912/054216.201:ERROR:process_memory_win.cc(73)] ReadMemory at 0x2983f0d5300 of 58 bytes failed: Only part of a ReadProcessMemory or WriteProcessMemory request was completed. (0x12B)
[0912/054216.201:ERROR:process_memory_win.cc(73)] ReadMemory at 0x2983f0d5350 of 62 bytes failed: Only part of a ReadProcessMemory or WriteProcessMemory request was completed. (0x12B)
[0912/054216.201:ERROR:process_memory_win.cc(73)] ReadMemory at 0x2983f0d53f0 of 58 bytes failed: Only part of a ReadProcessMemory or WriteProcessMemory request was completed. (0x12B)
[0912/054216.201:ERROR:process_memory_win.cc(73)] ReadMemory at 0x2983f0d5530 of 64 bytes failed: Only part of a ReadProcessMemory or WriteProcessMemory request was completed. (0x12B)
[0912/054216.201:ERROR:process_memory_win.cc(73)] ReadMemory at 0x2983f0d55d0 of 62 bytes failed: Only part of a ReadProcessMemory or WriteProcessMemory request was completed. (0x12B)
[0912/054216.201:ERROR:process_memory_win.cc(73)] ReadMemory at 0x2983f0d5620 of 62 bytes failed: Only part of a ReadProcessMemory or WriteProcessMemory request was completed. (0x12B)
[0912/054216.201:ERROR:process_memory_win.cc(73)] ReadMemory at 0x2983f0d56c0 of 60 bytes failed: Only part of a ReadProcessMemory or WriteProcessMemory request was completed. (0x12B)
[0912/054216.201:ERROR:process_memory_win.cc(73)] ReadMemory at 0x2983f0d5760 of 64 bytes failed: Only part of a ReadProcessMemory or WriteProcessMemory request was completed. (0x12B)
[0912/054216.201:ERROR:process_memory_win.cc(73)] ReadMemory at 0x2983f0d58a0 of 64 bytes failed: Only part of a ReadProcessMemory or WriteProcessMemory request was completed. (0x12B)
[0912/054216.201:ERROR:process_memory_win.cc(73)] ReadMemory at 0x2983f0d58f0 of 62 bytes failed: Only part of a ReadProcessMemory or WriteProcessMemory request was completed. (0x12B)
[0912/054216.201:ERROR:process_memory_win.cc(73)] ReadMemory at 0x2983f0d5940 of 66 bytes failed: Only part of a ReadProcessMemory or WriteProcessMemory request was completed. (0x12B)
[0912/054216.201:ERROR:process_memory_win.cc(73)] ReadMemory at 0x2983f0d5b70 of 60 bytes failed: Only part of a ReadProcessMemory or WriteProcessMemory request was completed. (0x12B)
[0912/054216.201:ERROR:process_memory_win.cc(73)] ReadMemory at 0x2983f0d5bc0 of 64 bytes failed: Only part of a ReadProcessMemory or WriteProcessMemory request was completed. (0x12B)
[0912/054216.202:ERROR:process_memory_win.cc(73)] ReadMemory at 0x2983f0d5cb0 of 64 bytes failed: Only part of a ReadProcessMemory or WriteProcessMemory request was completed. (0x12B)
[0912/054216.202:ERROR:process_memory_win.cc(73)] ReadMemory at 0x2983f0d5d00 of 62 bytes failed: Only part of a ReadProcessMemory or WriteProcessMemory request was completed. (0x12B)
[0912/054216.202:ERROR:process_memory_win.cc(73)] ReadMemory at 0x2983f0d5d50 of 62 bytes failed: Only part of a ReadProcessMemory or WriteProcessMemory request was completed. (0x12B)
[0912/054216.202:ERROR:process_memory_win.cc(73)] ReadMemory at 0x2983f0d5e40 of 60 bytes failed: Only part of a ReadProcessMemory or WriteProcessMemory request was completed. (0x12B)
[0912/054216.202:ERROR:process_memory_win.cc(73)] ReadMemory at 0x2983f0d5ee0 of 66 bytes failed: Only part of a ReadProcessMemory or WriteProcessMemory request was completed. (0x12B)
[0912/054216.202:ERROR:process_memory_win.cc(73)] ReadMemory at 0x2983f0d5ff0 of 132 bytes failed: Only part of a ReadProcessMemory or WriteProcessMemory request was completed. (0x12B)
[0912/054216.202:ERROR:process_memory_win.cc(73)] ReadMemory at 0x2983f0d6250 of 132 bytes failed: Only part of a ReadProcessMemory or WriteProcessMemory request was completed. (0x12B)
[0912/054216.202:ERROR:process_memory_win.cc(73)] ReadMemory at 0x2983f0d6380 of 132 bytes failed: Only part of a ReadProcessMemory or WriteProcessMemory request was completed. (0x12B)
[0912/054216.202:ERROR:process_memory_win.cc(73)] ReadMemory at 0x2983f0d65e0 of 132 bytes failed: Only part of a ReadProcessMemory or WriteProcessMemory request was completed. (0x12B)
[0912/054216.202:ERROR:process_memory_win.cc(73)] ReadMemory at 0x2983f0d6710 of 132 bytes failed: Only part of a ReadProcessMemory or WriteProcessMemory request was completed. (0x12B)
[0912/054216.202:ERROR:process_memory_win.cc(73)] ReadMemory at 0x2983f0d6840 of 132 bytes failed: Only part of a ReadProcessMemory or WriteProcessMemory request was completed. (0x12B)
[0912/054216.202:ERROR:process_memory_win.cc(73)] ReadMemory at 0x2983f0d6970 of 132 bytes failed: Only part of a ReadProcessMemory or WriteProcessMemory request was completed. (0x12B)
[0912/054216.202:ERROR:process_memory_win.cc(73)] ReadMemory at 0x2983f0d6bd0 of 132 bytes failed: Only part of a ReadProcessMemory or WriteProcessMemory request was completed. (0x12B)
[0912/054216.202:ERROR:process_memory_win.cc(73)] ReadMemory at 0x2983f0d6d00 of 132 bytes failed: Only part of a ReadProcessMemory or WriteProcessMemory request was completed. (0x12B)
[0912/054216.202:ERROR:process_memory_win.cc(73)] ReadMemory at 0x2983f0d6e30 of 132 bytes failed: Only part of a ReadProcessMemory or WriteProcessMemory request was completed. (0x12B)
[0912/054216.202:ERROR:process_memory_win.cc(73)] ReadMemory at 0x2983f0d6f60 of 132 bytes failed: Only part of a ReadProcessMemory or WriteProcessMemory request was completed. (0x12B)
[0912/054216.202:ERROR:process_memory_win.cc(73)] ReadMemory at 0x2983f0d7090 of 132 bytes failed: Only part of a ReadProcessMemory or WriteProcessMemory request was completed. (0x12B)
[0912/054216.202:ERROR:process_memory_win.cc(73)] ReadMemory at 0x2983f0d71c0 of 132 bytes failed: Only part of a ReadProcessMemory or WriteProcessMemory request was completed. (0x12B)
[0912/054216.203:ERROR:process_memory_win.cc(73)] ReadMemory at 0x2983f0d7420 of 132 bytes failed: Only part of a ReadProcessMemory or WriteProcessMemory request was completed. (0x12B)
[0912/054216.203:ERROR:process_memory_win.cc(73)] ReadMemory at 0x2983f0d7550 of 132 bytes failed: Only part of a ReadProcessMemory or WriteProcessMemory request was completed. (0x12B)
[0912/054216.203:ERROR:process_memory_win.cc(73)] ReadMemory at 0x2983f0d77b0 of 132 bytes failed: Only part of a ReadProcessMemory or WriteProcessMemory request was completed. (0x12B)
[0912/054216.203:ERROR:process_memory_win.cc(73)] ReadMemory at 0x2983f0d78e0 of 132 bytes failed: Only part of a ReadProcessMemory or WriteProcessMemory request was completed. (0x12B)
[0912/054216.203:ERROR:process_memory_win.cc(73)] ReadMemory at 0x2983f0d7a10 of 132 bytes failed: Only part of a ReadProcessMemory or WriteProcessMemory request was completed. (0x12B)
[0912/054216.203:ERROR:process_memory_win.cc(73)] ReadMemory at 0x2983f0d7b40 of 132 bytes failed: Only part of a ReadProcessMemory or WriteProcessMemory request was completed. (0x12B)
[0912/054216.203:ERROR:process_memory_win.cc(73)] ReadMemory at 0x2983f0d7da0 of 132 bytes failed: Only part of a ReadProcessMemory or WriteProcessMemory request was completed. (0x12B)
[0912/054216.203:ERROR:process_memory_win.cc(73)] ReadMemory at 0x2983f0e3730 of 62 bytes failed: Only part of a ReadProcessMemory or WriteProcessMemory request was completed. (0x12B)
[0912/054216.203:ERROR:process_memory_win.cc(73)] ReadMemory at 0x2983f0e3b40 of 62 bytes failed: Only part of a ReadProcessMemory or WriteProcessMemory request was completed. (0x12B)
[0912/054216.203:ERROR:process_memory_win.cc(73)] ReadMemory at 0x2983f0e3c30 of 58 bytes failed: Only part of a ReadProcessMemory or WriteProcessMemory request was completed. (0x12B)
[0912/054216.203:ERROR:process_memory_win.cc(73)] ReadMemory at 0x2983f0e3f00 of 64 bytes failed: Only part of a ReadProcessMemory or WriteProcessMemory request was completed. (0x12B)
[0912/054216.203:ERROR:process_memory_win.cc(73)] ReadMemory at 0x2983f0e42c0 of 62 bytes failed: Only part of a ReadProcessMemory or WriteProcessMemory request was completed. (0x12B)
[0912/054216.203:ERROR:process_memory_win.cc(73)] ReadMemory at 0x2983f0ed180 of 512 bytes failed: Only part of a ReadProcessMemory or WriteProcessMemory request was completed. (0x12B)
[0912/054216.203:ERROR:process_memory_win.cc(73)] ReadMemory at 0x2983f0f49f0 of 512 bytes failed: Only part of a ReadProcessMemory or WriteProcessMemory request was completed. (0x12B)
[0912/054216.203:ERROR:process_memory_win.cc(73)] ReadMemory at 0x2983f707180 of 800 bytes failed: Only part of a ReadProcessMemory or WriteProcessMemory request was completed. (0x12B)
[0912/054216.203:ERROR:process_memory_win.cc(73)] ReadMemory at 0x2983f715168 of 512 bytes failed: Only part of a ReadProcessMemory or WriteProcessMemory request was completed. (0x12B)
[0912/054216.204:ERROR:process_memory_win.cc(73)] ReadMemory at 0x2983f725800 of 688 bytes failed: Only part of a ReadProcessMemory or WriteProcessMemory request was completed. (0x12B)
[0912/054216.204:ERROR:process_memory_win.cc(73)] ReadMemory at 0x2983f72e890 of 512 bytes failed: Only part of a ReadProcessMemory or WriteProcessMemory request was completed. (0x12B)
[0912/054216.204:ERROR:process_memory_win.cc(73)] ReadMemory at 0x29841485ec8 of 512 bytes failed: Only part of a ReadProcessMemory or WriteProcessMemory request was completed. (0x12B)
[0912/054216.204:ERROR:process_memory_win.cc(73)] ReadMemory at 0x2984148dfb8 of 944 bytes failed: Only part of a ReadProcessMemory or WriteProcessMemory request was completed. (0x12B)
[0912/054216.204:ERROR:process_memory_win.cc(73)] ReadMemory at 0x29841581da0 of 512 bytes failed: Only part of a ReadProcessMemory or WriteProcessMemory request was completed. (0x12B)
[0912/054216.204:ERROR:process_memory_win.cc(73)] ReadMemory at 0x29841af53f0 of 512 bytes failed: Only part of a ReadProcessMemory or WriteProcessMemory request was completed. (0x12B)
[0912/054216.204:ERROR:process_memory_win.cc(73)] ReadMemory at 0x29843d7d2bc of 512 bytes failed: Only part of a ReadProcessMemory or WriteProcessMemory request was completed. (0x12B)
[0912/054216.204:ERROR:process_memory_win.cc(73)] ReadMemory at 0x29843db6100 of 512 bytes failed: Only part of a ReadProcessMemory or WriteProcessMemory request was completed. (0x12B)
[0912/054216.204:ERROR:process_memory_win.cc(73)] ReadMemory at 0x29843e3bc90 of 512 bytes failed: Only part of a ReadProcessMemory or WriteProcessMemory request was completed. (0x12B)
[0912/054216.204:ERROR:process_memory_win.cc(73)] ReadMemory at 0x3053ab57d1e8 of 512 bytes failed: Only part of a ReadProcessMemory or WriteProcessMemory request was completed. (0x12B)
[0912/054216.204:ERROR:process_memory_win.cc(73)] ReadMemory at 0x3053ab57d458 of 512 bytes failed: Only part of a ReadProcessMemory or WriteProcessMemory request was completed. (0x12B)
[0912/054216.204:ERROR:process_memory_win.cc(73)] ReadMemory at 0x3053ab68d2a0 of 568 bytes failed: Only part of a ReadProcessMemory or WriteProcessMemory request was completed. (0x12B)
[0912/054216.204:ERROR:process_memory_win.cc(73)] ReadMemory at 0x58d133235e00 of 512 bytes failed: Only part of a ReadProcessMemory or WriteProcessMemory request was completed. (0x12B)
[0912/054216.204:ERROR:process_memory_win.cc(73)] ReadMemory at 0x647d4da2c1b8 of 512 bytes failed: Only part of a ReadProcessMemory or WriteProcessMemory request was completed. (0x12B)
[0912/054216.205:ERROR:process_memory_win.cc(73)] ReadMemory at 0x7537323f56a8 of 512 bytes failed: Only part of a ReadProcessMemory or WriteProcessMemory request was completed. (0x12B)
[0912/054216.205:ERROR:process_memory_win.cc(73)] ReadMemory at 0x7db4592b06b8 of 512 bytes failed: Only part of a ReadProcessMemory or WriteProcessMemory request was completed. (0x12B)
[0912/054216.205:ERROR:process_memory_win.cc(73)] ReadMemory at 0x7ff8ba953a47 of 512 bytes failed: Only part of a ReadProcessMemory or WriteProcessMemory request was completed. (0x12B)
[0912/054216.205:ERROR:process_memory_win.cc(73)] ReadMemory at 0x7ff8bc264a1c of 512 bytes failed: Only part of a ReadProcessMemory or WriteProcessMemory request was completed. (0x12B)
[0912/054216.205:ERROR:process_memory_win.cc(73)] ReadMemory at 0x7ff8bec64581 of 512 bytes failed: Only part of a ReadProcessMemory or WriteProcessMemory request was completed. (0x12B)
[0912/054216.205:ERROR:process_memory_win.cc(73)] ReadMemory at 0x7ff90189a7b9 of 512 bytes failed: Only part of a ReadProcessMemory or WriteProcessMemory request was completed. (0x12B)
[0912/054216.205:ERROR:process_memory_win.cc(73)] ReadMemory at 0x7ff901acb6d0 of 512 bytes failed: Only part of a ReadProcessMemory or WriteProcessMemory request was completed. (0x12B)
[0912/054216.205:ERROR:process_memory_win.cc(73)] ReadMemory at 0x7ff904221f80 of 512 bytes failed: Only part of a ReadProcessMemory or WriteProcessMemory request was completed. (0x12B)
[0912/054216.205:ERROR:process_memory_win.cc(73)] ReadMemory at 0x7ff90443c0d4 of 672 bytes failed: Only part of a ReadProcessMemory or WriteProcessMemory request was completed. (0x12B)
[0912/054216.205:ERROR:process_memory_win.cc(73)] ReadMemory at 0x7ff90443c6d4 of 512 bytes failed: Only part of a ReadProcessMemory or WriteProcessMemory request was completed. (0x12B)
[0912/054216.205:ERROR:process_memory_win.cc(73)] ReadMemory at 0x7ff90443f984 of 608 bytes failed: Only part of a ReadProcessMemory or WriteProcessMemory request was completed. (0x12B)
[0912/054216.205:ERROR:process_memory_win.cc(73)] ReadMemory at 0x7ff9044cc428 of 18 bytes failed: Only part of a ReadProcessMemory or WriteProcessMemory request was completed. (0x12B)
[0912/054216.205:ERROR:process_memory_win.cc(73)] ReadMemory at 0x7ff9044ff4f8 of 40 bytes failed: Only part of a ReadProcessMemory or WriteProcessMemory request was completed. (0x12B)
[0912/054216.205:ERROR:process_memory_win.cc(73)] ReadMemory at 0x7ff9044ff978 of 48 bytes failed: Only part of a ReadProcessMemory or WriteProcessMemory request was completed. (0x12B)
[0912/054216.205:ERROR:process_memory_win.cc(73)] ReadMemory at 0x7ff9045053c0 of 64 bytes failed: Only part of a ReadProcessMemory or WriteProcessMemory request was completed. (0x12B)
[0912/054216.207:ERROR:scoped_process_suspend.cc(40)] NtResumeProcess: An attempt was made to access an exiting process. (0xc000010a)
