2019-12-27 16:42:58,463 [Worker-5: Loading available Gradle versions] INFO  o.e.b.c.i.u.g.PublishedGradleVersions - Gradle version information cache is up-to-date. Trying to read.
2019-12-27 16:49:30,430 [Worker-2: Loading available Gradle versions] INFO  o.e.b.c.i.u.g.PublishedGradleVersions - Gradle version information cache is up-to-date. Trying to read.
2019-12-27 16:50:36,289 [Worker-7: Importing Maven projects] INFO  o.e.m.c.i.l.LifecycleMappingFactory - Using org.eclipse.m2e.jdt.JarLifecycleMapping lifecycle mapping for MavenProject: qaclickacademy:Mavenjava:1.0-SNAPSHOT @ C:\Users\Kaye\eclipse-workspace-git\Mavenjava\pom.xml.
2019-12-27 16:50:38,493 [Worker-7: Importing Maven projects] INFO  o.e.m.j.i.AbstractJavaProjectConfigurator - Adding source folder /Mavenjava/src/main/java
2019-12-27 16:50:38,495 [Worker-7: Importing Maven projects] INFO  o.e.m.j.i.AbstractJavaProjectConfigurator - Adding source folder /Mavenjava/src/test/java
2019-12-27 16:50:38,847 [Worker-7: Importing Maven projects] INFO  o.e.m.c.i.p.ProjectConfigurationManager - Imported and configured 1 project(s) in 7 sec
2019-12-27 16:50:42,022 [Worker-3: Building workspace] WARN  o.e.m.c.i.embedder.EclipseLogger - Using platform encoding (Cp1252 actually) to copy filtered resources, i.e. build is platform dependent!
2019-12-27 16:50:42,038 [Worker-3: Building workspace] INFO  o.e.m.c.i.embedder.EclipseLogger - skip non existing resourceDirectory C:\Users\Kaye\eclipse-workspace-git\Mavenjava\src\main\resources
2019-12-27 16:50:42,041 [Worker-3: Building workspace] WARN  o.e.m.c.i.embedder.EclipseLogger - Using platform encoding (Cp1252 actually) to copy filtered resources, i.e. build is platform dependent!
2019-12-27 16:50:42,056 [Worker-3: Building workspace] INFO  o.e.m.c.i.embedder.EclipseLogger - skip non existing resourceDirectory C:\Users\Kaye\eclipse-workspace-git\Mavenjava\src\test\resources
2019-12-27 16:51:16,089 [Worker-7: Building workspace] WARN  o.e.m.c.i.embedder.EclipseLogger - Using platform encoding (Cp1252 actually) to copy filtered resources, i.e. build is platform dependent!
2019-12-27 16:51:16,102 [Worker-7: Building workspace] INFO  o.e.m.c.i.embedder.EclipseLogger - skip non existing resourceDirectory C:\Users\Kaye\eclipse-workspace-git\Mavenjava\src\main\resources
2019-12-27 16:51:16,104 [Worker-7: Building workspace] WARN  o.e.m.c.i.embedder.EclipseLogger - Using platform encoding (Cp1252 actually) to copy filtered resources, i.e. build is platform dependent!
2019-12-27 16:51:16,115 [Worker-7: Building workspace] INFO  o.e.m.c.i.embedder.EclipseLogger - skip non existing resourceDirectory C:\Users\Kaye\eclipse-workspace-git\Mavenjava\src\test\resources
2019-12-27 16:52:36,365 [main] INFO  o.e.m2e.actions.ExecutePomAction - Creating new launch configuration
2019-12-27 16:52:42,846 [Worker-1: Launching Mavenjava] INFO  o.e.m.i.launch.MavenLaunchDelegate - C:\Users\Kaye\eclipse-workspace-git\Mavenjava
2019-12-27 16:52:42,849 [Worker-1: Launching Mavenjava] INFO  o.e.m.i.launch.MavenLaunchDelegate -  mvn -B 
2019-12-27 16:52:56,457 [Worker-1: Launching Executing test in C__Users_Kaye_eclipse-workspace-git_Mavenjava] INFO  o.e.m.i.launch.MavenLaunchDelegate - C:\Users\Kaye\eclipse-workspace-git\Mavenjava
2019-12-27 16:52:56,458 [Worker-1: Launching Executing test in C__Users_Kaye_eclipse-workspace-git_Mavenjava] INFO  o.e.m.i.launch.MavenLaunchDelegate -  mvn -B test
2019-12-27 16:53:01,914 [Worker-8: Building workspace] WARN  o.e.m.c.i.embedder.EclipseLogger - Using platform encoding (Cp1252 actually) to copy filtered resources, i.e. build is platform dependent!
2019-12-27 16:53:01,927 [Worker-8: Building workspace] INFO  o.e.m.c.i.embedder.EclipseLogger - skip non existing resourceDirectory C:\Users\Kaye\eclipse-workspace-git\Mavenjava\src\main\resources
2019-12-27 16:53:02,006 [Worker-8: Building workspace] WARN  o.e.m.c.i.embedder.EclipseLogger - Using platform encoding (Cp1252 actually) to copy filtered resources, i.e. build is platform dependent!
2019-12-27 16:53:02,031 [Worker-8: Building workspace] INFO  o.e.m.c.i.embedder.EclipseLogger - skip non existing resourceDirectory C:\Users\Kaye\eclipse-workspace-git\Mavenjava\src\test\resources
2019-12-27 16:58:02,342 [Worker-1: Launching Executing test in C__Users_Kaye_eclipse-workspace-git_Mavenjava] INFO  o.e.m.i.launch.MavenLaunchDelegate - C:\Users\Kaye\eclipse-workspace-git\Mavenjava
2019-12-27 16:58:02,342 [Worker-1: Launching Executing test in C__Users_Kaye_eclipse-workspace-git_Mavenjava] INFO  o.e.m.i.launch.MavenLaunchDelegate -  mvn -B test
2019-12-27 16:58:11,030 [Worker-8: Building workspace] WARN  o.e.m.c.i.embedder.EclipseLogger - Using platform encoding (Cp1252 actually) to copy filtered resources, i.e. build is platform dependent!
2019-12-27 16:58:11,047 [Worker-8: Building workspace] INFO  o.e.m.c.i.embedder.EclipseLogger - skip non existing resourceDirectory C:\Users\Kaye\eclipse-workspace-git\Mavenjava\src\main\resources
2019-12-27 16:58:11,048 [Worker-8: Building workspace] WARN  o.e.m.c.i.embedder.EclipseLogger - Using platform encoding (Cp1252 actually) to copy filtered resources, i.e. build is platform dependent!
2019-12-27 16:58:11,058 [Worker-8: Building workspace] INFO  o.e.m.c.i.embedder.EclipseLogger - skip non existing resourceDirectory C:\Users\Kaye\eclipse-workspace-git\Mavenjava\src\test\resources
